
origin_path =

E:\capture\fr\testcase18\huajiao_lighter_4.4_origin180.png


lossy_path =

E:\capture\fr\testcase18\huajiao_lighter_4.4_lossy181.png


lossy_feature =

     0     0   711   534


origin_feature =

     0     0   717   525

case3

width =

   711


height =

   525

not cut
dimension diff oim and lim
not cut
dimension diff oim and lim
not cut
dimension diff oim and lim
not cut
dimension diff oim and lim
not cut
dimension diff oim and lim
not cut
dimension diff oim and lim
not cut
dimension diff oim and lim
not cut
dimension diff oim and lim
not cut
dimension diff oim and lim
not cut
dimension diff oim and lim
not cut
dimension diff oim and lim
not cut
dimension diff oim and lim
not cut
dimension diff oim and lim
not cut
dimension diff oim and lim
not cut
dimension diff oim and lim
not cut
dimension diff oim and lim
not cut
dimension diff oim and lim
not cut
dimension diff oim and lim
not cut
dimension diff oim and lim
not cut
dimension diff oim and lim
not cut
dimension diff oim and lim
not cut
dimension diff oim and lim
not cut
dimension diff oim and lim
not cut
dimension diff oim and lim
not cut
dimension diff oim and lim
not cut
dimension diff oim and lim
not cut
dimension diff oim and lim
not cut
dimension diff oim and lim
not cut
dimension diff oim and lim
not cut
dimension diff oim and lim
not cut
dimension diff oim and lim
not cut
dimension diff oim and lim
not cut
dimension diff oim and lim
not cut
dimension diff oim and lim
not cut
dimension diff oim and lim
not cut
dimension diff oim and lim
not cut
dimension diff oim and lim
not cut
dimension diff oim and lim
not cut
dimension diff oim and lim
not cut
dimension diff oim and lim
not cut
dimension diff oim and lim
not cut
dimension diff oim and lim
not cut
dimension diff oim and lim
not cut
dimension diff oim and lim
not cut
dimension diff oim and lim
not cut
dimension diff oim and lim
not cut
dimension diff oim and lim
not cut
dimension diff oim and lim
not cut
dimension diff oim and lim
not cut
dimension diff oim and lim
not cut
dimension diff oim and lim
not cut
dimension diff oim and lim
not cut
dimension diff oim and lim
not cut
dimension diff oim and lim
not cut
dimension diff oim and lim
not cut
dimension diff oim and lim
not cut
dimension diff oim and lim
not cut
dimension diff oim and lim
not cut
dimension diff oim and lim
not cut
dimension diff oim and lim
not cut
dimension diff oim and lim
not cut
dimension diff oim and lim
not cut
dimension diff oim and lim
not cut
dimension diff oim and lim
not cut
dimension diff oim and lim
not cut
dimension diff oim and lim
not cut
dimension diff oim and lim
not cut
dimension diff oim and lim
not cut
dimension diff oim and lim
not cut
dimension diff oim and lim
not cut
dimension diff oim and lim
not cut
dimension diff oim and lim
not cut
dimension diff oim and lim
not cut
dimension diff oim and lim
not cut
dimension diff oim and lim
not cut
dimension diff oim and lim
not cut
dimension diff oim and lim
not cut
dimension diff oim and lim
not cut
dimension diff oim and lim
not cut
dimension diff oim and lim
not cut
dimension diff oim and lim
not cut
dimension diff oim and lim
not cut
dimension diff oim and lim
not cut
dimension diff oim and lim
not cut
dimension diff oim and lim
not cut
dimension diff oim and lim
not cut
dimension diff oim and lim
not cut
dimension diff oim and lim
not cut
dimension diff oim and lim
not cut
dimension diff oim and lim
not cut
dimension diff oim and lim
not cut
dimension diff oim and lim
not cut
dimension diff oim and lim
not cut
dimension diff oim and lim
not cut
dimension diff oim and lim
not cut
dimension diff oim and lim
not cut
dimension diff oim and lim
not cut
dimension diff oim and lim
not cut
dimension diff oim and lim
not cut
dimension diff oim and lim
not cut
dimension diff oim and lim
not cut
dimension diff oim and lim
not cut
dimension diff oim and lim
not cut
dimension diff oim and lim
not cut
dimension diff oim and lim
not cut
dimension diff oim and lim
not cut
dimension diff oim and lim
not cut
dimension diff oim and lim
not cut
dimension diff oim and lim
not cut
dimension diff oim and lim
not cut
dimension diff oim and lim
not cut
dimension diff oim and lim
not cut
dimension diff oim and lim
not cut
dimension diff oim and lim
not cut
dimension diff oim and lim
not cut
dimension diff oim and lim
not cut
dimension diff oim and lim
not cut
dimension diff oim and lim
not cut
dimension diff oim and lim
not cut
dimension diff oim and lim
not cut
dimension diff oim and lim
not cut
dimension diff oim and lim
not cut
dimension diff oim and lim
not cut
dimension diff oim and lim
not cut
dimension diff oim and lim
not cut
dimension diff oim and lim
not cut
dimension diff oim and lim
not cut
dimension diff oim and lim
not cut
dimension diff oim and lim
not cut
dimension diff oim and lim
not cut
dimension diff oim and lim
not cut
dimension diff oim and lim
not cut
dimension diff oim and lim
not cut
dimension diff oim and lim
not cut
dimension diff oim and lim
not cut
dimension diff oim and lim
not cut
dimension diff oim and lim
not cut
dimension diff oim and lim
not cut
dimension diff oim and lim
not cut
dimension diff oim and lim
not cut
dimension diff oim and lim
not cut
dimension diff oim and lim
not cut
dimension diff oim and lim
not cut
dimension diff oim and lim
not cut
dimension diff oim and lim
not cut
dimension diff oim and lim
not cut
dimension diff oim and lim
not cut
dimension diff oim and lim
not cut
dimension diff oim and lim
not cut
dimension diff oim and lim
not cut
dimension diff oim and lim
not cut
dimension diff oim and lim
not cut
dimension diff oim and lim
not cut
dimension diff oim and lim
not cut
dimension diff oim and lim
not cut
dimension diff oim and lim
not cut
dimension diff oim and lim
not cut
dimension diff oim and lim
not cut
dimension diff oim and lim
not cut
dimension diff oim and lim
not cut
dimension diff oim and lim
not cut
dimension diff oim and lim
not cut
dimension diff oim and lim
not cut
dimension diff oim and lim
not cut
dimension diff oim and lim
not cut
dimension diff oim and lim
not cut
dimension diff oim and lim
not cut
dimension diff oim and lim
not cut
dimension diff oim and lim
not cut
dimension diff oim and lim
not cut
dimension diff oim and lim
not cut
dimension diff oim and lim
not cut
dimension diff oim and lim
not cut
dimension diff oim and lim
not cut
dimension diff oim and lim
not cut
dimension diff oim and lim
not cut
dimension diff oim and lim
not cut
dimension diff oim and lim
not cut
dimension diff oim and lim
not cut
dimension diff oim and lim
not cut
dimension diff oim and lim
not cut
dimension diff oim and lim
not cut
dimension diff oim and lim
not cut
dimension diff oim and lim
not cut
dimension diff oim and lim
not cut
dimension diff oim and lim
not cut
dimension diff oim and lim
not cut
dimension diff oim and lim
not cut
dimension diff oim and lim
not cut
dimension diff oim and lim
not cut
dimension diff oim and lim
not cut
dimension diff oim and lim
not cut
dimension diff oim and lim
not cut
dimension diff oim and lim
not cut
dimension diff oim and lim
not cut
dimension diff oim and lim
not cut
dimension diff oim and lim
not cut
dimension diff oim and lim
not cut
dimension diff oim and lim
not cut
dimension diff oim and lim
not cut
dimension diff oim and lim
not cut
dimension diff oim and lim
not cut
dimension diff oim and lim
not cut
dimension diff oim and lim
not cut
dimension diff oim and lim
not cut
dimension diff oim and lim
not cut
dimension diff oim and lim
not cut
dimension diff oim and lim
not cut
dimension diff oim and lim
not cut
dimension diff oim and lim
not cut
dimension diff oim and lim
not cut
dimension diff oim and lim
not cut
dimension diff oim and lim
not cut
dimension diff oim and lim
not cut
dimension diff oim and lim
not cut
dimension diff oim and lim
not cut
dimension diff oim and lim
not cut
dimension diff oim and lim
not cut
dimension diff oim and lim
not cut
dimension diff oim and lim
not cut
dimension diff oim and lim
not cut
dimension diff oim and lim
not cut
dimension diff oim and lim
not cut
dimension diff oim and lim
not cut
dimension diff oim and lim
not cut
dimension diff oim and lim
not cut
dimension diff oim and lim
not cut
dimension diff oim and lim
not cut
dimension diff oim and lim
not cut
dimension diff oim and lim
not cut
dimension diff oim and lim
not cut
dimension diff oim and lim
not cut
dimension diff oim and lim
not cut
dimension diff oim and lim
not cut
dimension diff oim and lim
not cut
dimension diff oim and lim
not cut
dimension diff oim and lim
not cut
dimension diff oim and lim
not cut
dimension diff oim and lim
not cut
dimension diff oim and lim
not cut
dimension diff oim and lim
not cut
dimension diff oim and lim
not cut
dimension diff oim and lim
not cut
dimension diff oim and lim
not cut
dimension diff oim and lim
not cut
dimension diff oim and lim
not cut
dimension diff oim and lim
not cut
dimension diff oim and lim
not cut
dimension diff oim and lim
not cut
dimension diff oim and lim
not cut
dimension diff oim and lim
not cut
dimension diff oim and lim
not cut
dimension diff oim and lim
not cut
dimension diff oim and lim
not cut
dimension diff oim and lim
not cut
dimension diff oim and lim
not cut
dimension diff oim and lim
not cut
dimension diff oim and lim
not cut
dimension diff oim and lim
not cut
dimension diff oim and lim
not cut
dimension diff oim and lim
not cut
dimension diff oim and lim
not cut
dimension diff oim and lim
not cut
dimension diff oim and lim
not cut
dimension diff oim and lim
not cut
dimension diff oim and lim
not cut
dimension diff oim and lim
not cut
dimension diff oim and lim
not cut
dimension diff oim and lim
not cut
dimension diff oim and lim
not cut
dimension diff oim and lim
not cut
dimension diff oim and lim
not cut
dimension diff oim and lim
not cut
dimension diff oim and lim
not cut
dimension diff oim and lim
not cut
dimension diff oim and lim
not cut
dimension diff oim and lim
not cut
dimension diff oim and lim
not cut
dimension diff oim and lim
not cut
dimension diff oim and lim
not cut
dimension diff oim and lim
not cut
dimension diff oim and lim
not cut
dimension diff oim and lim
not cut
dimension diff oim and lim
not cut
dimension diff oim and lim
not cut
dimension diff oim and lim
not cut
dimension diff oim and lim
not cut
dimension diff oim and lim
not cut
dimension diff oim and lim
not cut
dimension diff oim and lim
not cut
dimension diff oim and lim
not cut
dimension diff oim and lim
not cut
dimension diff oim and lim
not cut
dimension diff oim and lim
not cut
dimension diff oim and lim
not cut
dimension diff oim and lim
not cut
dimension diff oim and lim
not cut
dimension diff oim and lim
not cut
dimension diff oim and lim
not cut
dimension diff oim and lim
not cut
dimension diff oim and lim
not cut
dimension diff oim and lim
not cut
dimension diff oim and lim
not cut
dimension diff oim and lim
not cut
dimension diff oim and lim
not cut
dimension diff oim and lim
not cut
dimension diff oim and lim
not cut
dimension diff oim and lim
not cut
dimension diff oim and lim
not cut
dimension diff oim and lim
not cut
dimension diff oim and lim
not cut
dimension diff oim and lim
not cut
dimension diff oim and lim
not cut
dimension diff oim and lim
not cut
dimension diff oim and lim
not cut
dimension diff oim and lim
not cut
dimension diff oim and lim
not cut
dimension diff oim and lim
not cut
dimension diff oim and lim
not cut
dimension diff oim and lim
not cut
dimension diff oim and lim
not cut
dimension diff oim and lim
not cut
dimension diff oim and lim
not cut
dimension diff oim and lim
not cut
dimension diff oim and lim
not cut
dimension diff oim and lim
not cut
dimension diff oim and lim
not cut
dimension diff oim and lim
not cut
dimension diff oim and lim
not cut
dimension diff oim and lim
not cut
dimension diff oim and lim
not cut
dimension diff oim and lim
not cut
dimension diff oim and lim
not cut
dimension diff oim and lim
not cut
dimension diff oim and lim
not cut
dimension diff oim and lim
not cut
dimension diff oim and lim
not cut
dimension diff oim and lim
not cut
dimension diff oim and lim
not cut
dimension diff oim and lim
not cut
dimension diff oim and lim
not cut
dimension diff oim and lim
not cut
dimension diff oim and lim
not cut
dimension diff oim and lim
not cut
dimension diff oim and lim
not cut
dimension diff oim and lim
not cut
dimension diff oim and lim
not cut
dimension diff oim and lim
not cut
dimension diff oim and lim
not cut
dimension diff oim and lim
not cut
dimension diff oim and lim
not cut
dimension diff oim and lim
not cut
dimension diff oim and lim
not cut
dimension diff oim and lim
not cut
dimension diff oim and lim
not cut
dimension diff oim and lim
not cut
dimension diff oim and lim
not cut
dimension diff oim and lim
not cut
dimension diff oim and lim
not cut
dimension diff oim and lim
not cut
dimension diff oim and lim
not cut
dimension diff oim and lim
not cut
dimension diff oim and lim
not cut
dimension diff oim and lim
not cut
dimension diff oim and lim
not cut
dimension diff oim and lim
not cut
dimension diff oim and lim
not cut
dimension diff oim and lim
not cut
dimension diff oim and lim
not cut
dimension diff oim and lim
not cut
dimension diff oim and lim
not cut
dimension diff oim and lim
not cut
dimension diff oim and lim
not cut
dimension diff oim and lim
not cut
dimension diff oim and lim
not cut
dimension diff oim and lim
not cut
dimension diff oim and lim
not cut
dimension diff oim and lim
not cut
dimension diff oim and lim
not cut
dimension diff oim and lim
not cut
dimension diff oim and lim
not cut
dimension diff oim and lim
not cut
dimension diff oim and lim
not cut
dimension diff oim and lim
not cut
dimension diff oim and lim
not cut
dimension diff oim and lim
not cut
dimension diff oim and lim
not cut
dimension diff oim and lim
not cut
dimension diff oim and lim
not cut
dimension diff oim and lim
not cut
dimension diff oim and lim
not cut
dimension diff oim and lim
not cut
dimension diff oim and lim
not cut
dimension diff oim and lim
not cut
dimension diff oim and lim
not cut
dimension diff oim and lim
not cut
dimension diff oim and lim
not cut
dimension diff oim and lim
not cut
dimension diff oim and lim
not cut
dimension diff oim and lim
not cut
dimension diff oim and lim
not cut
dimension diff oim and lim
not cut
dimension diff oim and lim
not cut
dimension diff oim and lim
not cut
dimension diff oim and lim
not cut
dimension diff oim and lim
not cut
dimension diff oim and lim
not cut
dimension diff oim and lim
not cut
dimension diff oim and lim
not cut
dimension diff oim and lim
not cut
dimension diff oim and lim
not cut
dimension diff oim and lim
not cut
dimension diff oim and lim
not cut
dimension diff oim and lim
not cut
dimension diff oim and lim
not cut
dimension diff oim and lim
not cut
dimension diff oim and lim
not cut
dimension diff oim and lim
not cut
dimension diff oim and lim
not cut
dimension diff oim and lim
not cut
dimension diff oim and lim
not cut
dimension diff oim and lim
not cut
dimension diff oim and lim
not cut
dimension diff oim and lim
not cut
dimension diff oim and lim
not cut
dimension diff oim and lim
not cut
dimension diff oim and lim
not cut
dimension diff oim and lim
not cut
dimension diff oim and lim
not cut
dimension diff oim and lim
not cut
dimension diff oim and lim
similarity in 20*20 matrix

log =

  1 至 11 列

            0            0            0            0            0            0            0            0            0            0            0
            0            0            0            0            0            0            0            0            0            0            0
            0            0            0            0            0            0            0            0            0            0            0
            0            0            0            0            0            0            0            0            0            0            0
            0            0            0            0            0            0            0            0            0            0            0
            0            0            0            0            0            0            0            0            0            0            0
            0            0            0            0            0            0            0            0            0            0            0
            0            0            0            0            0            0            0            0            0            0            0
            0            0            0            0            0            0            0            0            0            0            0
            0            0            0            0            0            0            0            0            0            0            0
            0            0            0            0            0            0            0            0            0            0            0
            0            0            0            0            0            0            0            0            0            0            0
            0            0            0            0            0            0            0            0            0            0            0
            0            0            0            0            0            0            0            0            0            0            0
            0            0            0            0            0            0            0            0            0            0            0
            0            0            0            0            0            0            0            0            0            0            0
            0            0            0            0            0            0            0            0            0            0            0
            0            0            0            0            0            0            0            0            0            0            0
            0            0            0            0            0            0            0            0            0            0            0
            0            0            0            0            0            0            0            0            0            0            0

  12 至 21 列

            0            0            0            0            0            0            0            0            0            0
            0            0            0            0            0            0            0            0            0            0
            0            0            0            0            0            0            0            0            0            0
            0            0            0            0            0            0            0            0            0            0
            0            0            0            0            0            0            0            0            0            0
            0            0            0            0            0            0            0            0            0            0
            0            0            0            0            0            0            0            0            0            0
            0            0            0            0            0            0            0            0            0            0
            0            0            0            0            0            0            0            0            0            0
            0            0            0            0            0            0            0            0            0            0
            0            0            0            0            0            0            0            0            0            0
      0.81692       0.8188      0.80827      0.78998      0.76714      0.74517      0.72526        0.709      0.69512       0.6836
            0            0            0            0            0            0            0            0            0            0
            0            0            0            0            0            0            0            0            0            0
            0            0            0            0            0            0            0            0            0            0
            0            0            0            0            0            0            0            0            0            0
            0            0            0            0            0            0            0            0            0            0
            0            0            0            0            0            0            0            0            0            0
            0            0            0            0            0            0            0            0            0            0
            0            0            0            0            0            0            0            0            0            0


maximum =

       0.8188


left_top =

     1     2


cmd =

E:\ROI\ROI2.exe -s2 E:\capture\fr\testcase18\huajiao_lighter_4.4_lossy181.png E:\capture\fr\testcase18\huajiao_lighter_4.4_lossy181_fit.png 0 1 711 525


maximum =

       0.8188


cmd =

E:\ROI\ROI2.exe -s2 E:\capture\fr\testcase18\huajiao_lighter_4.4_origin180.png E:\capture\fr\testcase18\huajiao_lighter_4.4_origin180_fit.png 0 0 711 525


A =

       0.8188      0.97788      0.93134      0.95164

时间已过 2.240643 秒。
