
origin_path =

E:\capture\fr\testcase19\huajiao_natural_4.4_origin190.png


lossy_path =

E:\capture\fr\testcase19\huajiao_natural_4.4_lossy191.png


lossy_feature =

     0     0   720   521


origin_feature =

     0     0   705   517

case2

ans =

     9     0   705   517


cmd =

E:\ROI\ROI2.exe -s2 E:\capture\fr\testcase19\huajiao_natural_4.4_lossy191_new.png E:\capture\fr\testcase19\huajiao_natural_4.4_lossy191_fit.png 9 0 705 517


log =

       0.7097      0.70836      0.70546      0.69969
      0.71932      0.71843      0.71505       0.7093
      0.73107      0.72996       0.7268      0.72028
      0.74436      0.74376      0.73998      0.73335
      0.75987        0.759      0.75535      0.74774
      0.77619      0.77574      0.77139      0.76353
      0.79287      0.79205      0.78773      0.77885
      0.80727      0.80683       0.8018      0.79281
      0.81762      0.81673      0.81196       0.8023
      0.82209      0.82164      0.81648      0.80727
      0.81973      0.81894      0.81445      0.80518
      0.81111      0.81091      0.80646      0.79828
      0.79781      0.79743      0.79403      0.78635
      0.78154      0.78186      0.77873      0.77241
      0.76478       0.7649      0.76274      0.75697


maximum =

      0.82209


left_top =

    10     1


h = 

  <a href="matlab:helpPopup matlab.ui.Figure" style="font-weight:bold">Figure</a> (11) (具有属性):

      Number: 11
        Name: ''
       Color: [0.94 0.94 0.94]
    Position: [680 558 560 420]
       Units: 'pixels'

  显示 <a href="matlab:if exist('h', 'var'), matlab.graphics.internal.getForDisplay('h', h, 'matlab.ui.Figure'), else, matlab.graphics.internal.getForDisplay('h'), end">所有属性</a>


maximum =

      0.82209


A =

      0.82209      0.98786       0.9249      0.96045

时间已过 5.317228 秒。
