
origin_path =

E:\capture\fr\testcase36\yy_dark_5.0_origin360.png


lossy_path =

E:\capture\fr\testcase36\yy_dark_5.0_lossy361.png


lossy_feature =

     5     3   787   588


origin_feature =

     5     3   768   573

case2

ans =

    13    14   768   573


cmd =

E:\ROI\ROI2.exe -s2 E:\capture\fr\testcase36\yy_dark_5.0_lossy361_new.png E:\capture\fr\testcase36\yy_dark_5.0_lossy361_fit.png 13 14 768 573


log =

  1 至 11 列

       0.7036      0.70772      0.71177       0.7158      0.71975      0.72354      0.72711      0.73039      0.73344      0.73627      0.73878
      0.70619      0.71056      0.71487      0.71915      0.72337      0.72742      0.73125      0.73481      0.73816       0.7413      0.74415
      0.70908       0.7137      0.71829      0.72286      0.72738      0.73173      0.73586      0.73975      0.74342       0.7469      0.75008
      0.71217      0.71703      0.72191      0.72682      0.73167      0.73638      0.74088      0.74514      0.74918      0.75301      0.75653
      0.71535      0.72043      0.72561      0.73087      0.73612      0.74125      0.74619      0.75088      0.75534      0.75953      0.76338
       0.7185      0.72377      0.72922      0.73483      0.74052      0.74613      0.75158      0.75678      0.76168      0.76626       0.7704
      0.72159      0.72703      0.73274      0.73871      0.74485      0.75098      0.75698       0.7627      0.76807      0.77299      0.77736
      0.72473      0.73032      0.73627      0.74259      0.74917      0.75581      0.76235      0.76858      0.77435      0.77955      0.78407
        0.728      0.73374      0.73992      0.74654      0.75352       0.7606      0.76759      0.77421      0.78027      0.78563       0.7902
      0.73187      0.73775      0.74411      0.75099      0.75826      0.76565      0.77294      0.77979        0.786      0.79139      0.79589
      0.73654      0.74253      0.74905      0.75608      0.76351      0.77104      0.77843      0.78532      0.79149      0.79678      0.80115
      0.74187      0.74794      0.75452      0.76158        0.769      0.77647      0.78374      0.79046      0.79643      0.80151      0.80569
      0.74719      0.75324      0.75977      0.76672      0.77395      0.78116       0.7881      0.79445      0.80009      0.80489      0.80889
      0.75161      0.75754      0.76388      0.77058      0.77747      0.78424      0.79069      0.79655      0.80175      0.80624      0.81007
      0.75456      0.76027      0.76635      0.77269      0.77915      0.78539      0.79126      0.79657      0.80132      0.80551      0.80921
      0.75573      0.76118      0.76693      0.77289      0.77887      0.78457      0.78987      0.79465      0.79899      0.80292      0.80652
      0.75505      0.76022      0.76565      0.77122      0.77676      0.78197      0.78676      0.79107      0.79504      0.79874      0.80225
      0.75283      0.75773      0.76286      0.76808      0.77322      0.77801      0.78236      0.78628      0.78992      0.79339      0.79677
      0.74921      0.75385      0.75868      0.76359       0.7684      0.77285      0.77684      0.78042      0.78375      0.78696      0.79014

  12 至 15 列

      0.74067      0.74177      0.74199      0.74133
      0.74639      0.74784      0.74834      0.74783
      0.75268      0.75446      0.75523      0.75487
      0.75946      0.76155      0.76255      0.76228
       0.7666      0.76893       0.7701      0.76987
      0.77385      0.77634      0.77762      0.77738
      0.78095      0.78353      0.78484      0.78458
      0.78771      0.79029      0.79161      0.79135
      0.79381      0.79636      0.79769       0.7975
      0.79942      0.80191      0.80329      0.80324
      0.80456      0.80701      0.80847      0.80864
      0.80899      0.81143        0.813      0.81342
      0.81211      0.81458      0.81629      0.81696
      0.81324      0.81579      0.81768       0.8186
       0.8124      0.81507      0.81715      0.81829
      0.80975      0.81257      0.81483      0.81618
       0.8055      0.80843      0.81083      0.81234
      0.79997      0.80291      0.80536      0.80695
      0.79318        0.796      0.79836      0.79994


maximum =

       0.8186


left_top =

    14    15


h = 

  <a href="matlab:helpPopup matlab.ui.Figure" style="font-weight:bold">Figure</a> (15) (具有属性):

      Number: 15
        Name: ''
       Color: [0.94 0.94 0.94]
    Position: [680 558 560 420]
       Units: 'pixels'

  显示 <a href="matlab:if exist('h', 'var'), matlab.graphics.internal.getForDisplay('h', h, 'matlab.ui.Figure'), else, matlab.graphics.internal.getForDisplay('h'), end">所有属性</a>


maximum =

       0.8186


A =

       0.8186       0.9854      0.88182      0.93311

时间已过 21.826234 秒。
