
origin_path =

E:\capture\fr\testcase3\huajiao_dark_5.0_origin030.png


lossy_path =

E:\capture\fr\testcase3\huajiao_dark_5.0_lossy031.png


lossy_feature =

     0     0   810   603


origin_feature =

     3     5   807   604

case3

width =

   807


height =

   603

not cut
dimension diff oim and lim
not cut
dimension diff oim and lim
not cut
dimension diff oim and lim
not cut
dimension diff oim and lim
not cut
dimension diff oim and lim
not cut
dimension diff oim and lim
not cut
dimension diff oim and lim
not cut
dimension diff oim and lim
not cut
dimension diff oim and lim
not cut
dimension diff oim and lim
not cut
dimension diff oim and lim
not cut
dimension diff oim and lim
not cut
dimension diff oim and lim
not cut
dimension diff oim and lim
not cut
dimension diff oim and lim
not cut
dimension diff oim and lim
not cut
dimension diff oim and lim
not cut
dimension diff oim and lim
not cut
dimension diff oim and lim
not cut
dimension diff oim and lim
not cut
dimension diff oim and lim
not cut
dimension diff oim and lim
not cut
dimension diff oim and lim
not cut
dimension diff oim and lim
not cut
dimension diff oim and lim
not cut
dimension diff oim and lim
not cut
dimension diff oim and lim
not cut
dimension diff oim and lim
not cut
dimension diff oim and lim
not cut
dimension diff oim and lim
not cut
dimension diff oim and lim
not cut
dimension diff oim and lim
not cut
dimension diff oim and lim
not cut
dimension diff oim and lim
not cut
dimension diff oim and lim
not cut
dimension diff oim and lim
not cut
dimension diff oim and lim
not cut
dimension diff oim and lim
not cut
dimension diff oim and lim
not cut
dimension diff oim and lim
not cut
dimension diff oim and lim
not cut
dimension diff oim and lim
not cut
dimension diff oim and lim
not cut
dimension diff oim and lim
not cut
dimension diff oim and lim
not cut
dimension diff oim and lim
not cut
dimension diff oim and lim
not cut
dimension diff oim and lim
not cut
dimension diff oim and lim
not cut
dimension diff oim and lim
not cut
dimension diff oim and lim
not cut
dimension diff oim and lim
not cut
dimension diff oim and lim
not cut
dimension diff oim and lim
not cut
dimension diff oim and lim
not cut
dimension diff oim and lim
not cut
dimension diff oim and lim
not cut
dimension diff oim and lim
not cut
dimension diff oim and lim
not cut
dimension diff oim and lim
not cut
dimension diff oim and lim
not cut
dimension diff oim and lim
not cut
dimension diff oim and lim
not cut
dimension diff oim and lim
not cut
dimension diff oim and lim
not cut
dimension diff oim and lim
not cut
dimension diff oim and lim
not cut
dimension diff oim and lim
not cut
dimension diff oim and lim
not cut
dimension diff oim and lim
not cut
dimension diff oim and lim
not cut
dimension diff oim and lim
not cut
dimension diff oim and lim
not cut
dimension diff oim and lim
not cut
dimension diff oim and lim
not cut
dimension diff oim and lim
not cut
dimension diff oim and lim
not cut
dimension diff oim and lim
not cut
dimension diff oim and lim
not cut
dimension diff oim and lim
not cut
dimension diff oim and lim
not cut
dimension diff oim and lim
not cut
dimension diff oim and lim
not cut
dimension diff oim and lim
not cut
dimension diff oim and lim
not cut
dimension diff oim and lim
not cut
dimension diff oim and lim
not cut
dimension diff oim and lim
not cut
dimension diff oim and lim
not cut
dimension diff oim and lim
not cut
dimension diff oim and lim
not cut
dimension diff oim and lim
not cut
dimension diff oim and lim
not cut
dimension diff oim and lim
not cut
dimension diff oim and lim
not cut
dimension diff oim and lim
not cut
dimension diff oim and lim
not cut
dimension diff oim and lim
not cut
dimension diff oim and lim
not cut
dimension diff oim and lim
not cut
dimension diff oim and lim
not cut
dimension diff oim and lim
not cut
dimension diff oim and lim
not cut
dimension diff oim and lim
not cut
dimension diff oim and lim
not cut
dimension diff oim and lim
not cut
dimension diff oim and lim
not cut
dimension diff oim and lim
not cut
dimension diff oim and lim
not cut
dimension diff oim and lim
not cut
dimension diff oim and lim
not cut
dimension diff oim and lim
not cut
dimension diff oim and lim
not cut
dimension diff oim and lim
not cut
dimension diff oim and lim
not cut
dimension diff oim and lim
not cut
dimension diff oim and lim
not cut
dimension diff oim and lim
not cut
dimension diff oim and lim
not cut
dimension diff oim and lim
not cut
dimension diff oim and lim
not cut
dimension diff oim and lim
not cut
dimension diff oim and lim
not cut
dimension diff oim and lim
not cut
dimension diff oim and lim
not cut
dimension diff oim and lim
not cut
dimension diff oim and lim
not cut
dimension diff oim and lim
not cut
dimension diff oim and lim
not cut
dimension diff oim and lim
not cut
dimension diff oim and lim
not cut
dimension diff oim and lim
not cut
dimension diff oim and lim
not cut
dimension diff oim and lim
not cut
dimension diff oim and lim
not cut
dimension diff oim and lim
not cut
dimension diff oim and lim
not cut
dimension diff oim and lim
not cut
dimension diff oim and lim
not cut
dimension diff oim and lim
not cut
dimension diff oim and lim
not cut
dimension diff oim and lim
not cut
dimension diff oim and lim
not cut
dimension diff oim and lim
not cut
dimension diff oim and lim
not cut
dimension diff oim and lim
not cut
dimension diff oim and lim
not cut
dimension diff oim and lim
not cut
dimension diff oim and lim
not cut
dimension diff oim and lim
not cut
dimension diff oim and lim
not cut
dimension diff oim and lim
not cut
dimension diff oim and lim
not cut
dimension diff oim and lim
not cut
dimension diff oim and lim
not cut
dimension diff oim and lim
not cut
dimension diff oim and lim
not cut
dimension diff oim and lim
not cut
dimension diff oim and lim
not cut
dimension diff oim and lim
not cut
dimension diff oim and lim
not cut
dimension diff oim and lim
not cut
dimension diff oim and lim
not cut
dimension diff oim and lim
not cut
dimension diff oim and lim
not cut
dimension diff oim and lim
not cut
dimension diff oim and lim
not cut
dimension diff oim and lim
not cut
dimension diff oim and lim
not cut
dimension diff oim and lim
not cut
dimension diff oim and lim
not cut
dimension diff oim and lim
not cut
dimension diff oim and lim
not cut
dimension diff oim and lim
not cut
dimension diff oim and lim
not cut
dimension diff oim and lim
not cut
dimension diff oim and lim
not cut
dimension diff oim and lim
not cut
dimension diff oim and lim
not cut
dimension diff oim and lim
not cut
dimension diff oim and lim
not cut
dimension diff oim and lim
not cut
dimension diff oim and lim
not cut
dimension diff oim and lim
not cut
dimension diff oim and lim
not cut
dimension diff oim and lim
not cut
dimension diff oim and lim
not cut
dimension diff oim and lim
not cut
dimension diff oim and lim
not cut
dimension diff oim and lim
not cut
dimension diff oim and lim
not cut
dimension diff oim and lim
not cut
dimension diff oim and lim
not cut
dimension diff oim and lim
not cut
dimension diff oim and lim
not cut
dimension diff oim and lim
not cut
dimension diff oim and lim
not cut
dimension diff oim and lim
not cut
dimension diff oim and lim
not cut
dimension diff oim and lim
not cut
dimension diff oim and lim
not cut
dimension diff oim and lim
not cut
dimension diff oim and lim
not cut
dimension diff oim and lim
not cut
dimension diff oim and lim
not cut
dimension diff oim and lim
not cut
dimension diff oim and lim
not cut
dimension diff oim and lim
not cut
dimension diff oim and lim
not cut
dimension diff oim and lim
not cut
dimension diff oim and lim
not cut
dimension diff oim and lim
not cut
dimension diff oim and lim
not cut
dimension diff oim and lim
not cut
dimension diff oim and lim
not cut
dimension diff oim and lim
not cut
dimension diff oim and lim
not cut
dimension diff oim and lim
not cut
dimension diff oim and lim
not cut
dimension diff oim and lim
not cut
dimension diff oim and lim
not cut
dimension diff oim and lim
not cut
dimension diff oim and lim
not cut
dimension diff oim and lim
not cut
dimension diff oim and lim
not cut
dimension diff oim and lim
not cut
dimension diff oim and lim
not cut
dimension diff oim and lim
not cut
dimension diff oim and lim
not cut
dimension diff oim and lim
not cut
dimension diff oim and lim
not cut
dimension diff oim and lim
not cut
dimension diff oim and lim
not cut
dimension diff oim and lim
not cut
dimension diff oim and lim
not cut
dimension diff oim and lim
not cut
dimension diff oim and lim
not cut
dimension diff oim and lim
not cut
dimension diff oim and lim
not cut
dimension diff oim and lim
not cut
dimension diff oim and lim
not cut
dimension diff oim and lim
not cut
dimension diff oim and lim
not cut
dimension diff oim and lim
not cut
dimension diff oim and lim
not cut
dimension diff oim and lim
not cut
dimension diff oim and lim
not cut
dimension diff oim and lim
not cut
dimension diff oim and lim
not cut
dimension diff oim and lim
not cut
dimension diff oim and lim
not cut
dimension diff oim and lim
not cut
dimension diff oim and lim
not cut
dimension diff oim and lim
not cut
dimension diff oim and lim
not cut
dimension diff oim and lim
not cut
dimension diff oim and lim
not cut
dimension diff oim and lim
not cut
dimension diff oim and lim
not cut
dimension diff oim and lim
not cut
dimension diff oim and lim
not cut
dimension diff oim and lim
not cut
dimension diff oim and lim
not cut
dimension diff oim and lim
not cut
dimension diff oim and lim
not cut
dimension diff oim and lim
not cut
dimension diff oim and lim
not cut
dimension diff oim and lim
not cut
dimension diff oim and lim
not cut
dimension diff oim and lim
not cut
dimension diff oim and lim
not cut
dimension diff oim and lim
not cut
dimension diff oim and lim
not cut
dimension diff oim and lim
not cut
dimension diff oim and lim
not cut
dimension diff oim and lim
not cut
dimension diff oim and lim
not cut
dimension diff oim and lim
not cut
dimension diff oim and lim
not cut
dimension diff oim and lim
not cut
dimension diff oim and lim
not cut
dimension diff oim and lim
not cut
dimension diff oim and lim
not cut
dimension diff oim and lim
not cut
dimension diff oim and lim
not cut
dimension diff oim and lim
not cut
dimension diff oim and lim
not cut
dimension diff oim and lim
not cut
dimension diff oim and lim
not cut
dimension diff oim and lim
not cut
dimension diff oim and lim
not cut
dimension diff oim and lim
not cut
dimension diff oim and lim
not cut
dimension diff oim and lim
not cut
dimension diff oim and lim
not cut
dimension diff oim and lim
not cut
dimension diff oim and lim
not cut
dimension diff oim and lim
not cut
dimension diff oim and lim
not cut
dimension diff oim and lim
not cut
dimension diff oim and lim
not cut
dimension diff oim and lim
not cut
dimension diff oim and lim
not cut
dimension diff oim and lim
not cut
dimension diff oim and lim
not cut
dimension diff oim and lim
not cut
dimension diff oim and lim
not cut
dimension diff oim and lim
not cut
dimension diff oim and lim
not cut
dimension diff oim and lim
not cut
dimension diff oim and lim
not cut
dimension diff oim and lim
not cut
dimension diff oim and lim
not cut
dimension diff oim and lim
not cut
dimension diff oim and lim
not cut
dimension diff oim and lim
not cut
dimension diff oim and lim
not cut
dimension diff oim and lim
not cut
dimension diff oim and lim
not cut
dimension diff oim and lim
not cut
dimension diff oim and lim
not cut
dimension diff oim and lim
not cut
dimension diff oim and lim
not cut
dimension diff oim and lim
not cut
dimension diff oim and lim
not cut
dimension diff oim and lim
not cut
dimension diff oim and lim
not cut
dimension diff oim and lim
not cut
dimension diff oim and lim
not cut
dimension diff oim and lim
not cut
dimension diff oim and lim
not cut
dimension diff oim and lim
not cut
dimension diff oim and lim
not cut
dimension diff oim and lim
not cut
dimension diff oim and lim
not cut
dimension diff oim and lim
not cut
dimension diff oim and lim
not cut
dimension diff oim and lim
not cut
dimension diff oim and lim
not cut
dimension diff oim and lim
not cut
dimension diff oim and lim
not cut
dimension diff oim and lim
not cut
dimension diff oim and lim
not cut
dimension diff oim and lim
not cut
dimension diff oim and lim
not cut
dimension diff oim and lim
not cut
dimension diff oim and lim
not cut
dimension diff oim and lim
not cut
dimension diff oim and lim
not cut
dimension diff oim and lim
not cut
dimension diff oim and lim
not cut
dimension diff oim and lim
not cut
dimension diff oim and lim
not cut
dimension diff oim and lim
not cut
dimension diff oim and lim
not cut
dimension diff oim and lim
not cut
dimension diff oim and lim
not cut
dimension diff oim and lim
not cut
dimension diff oim and lim
not cut
dimension diff oim and lim
not cut
dimension diff oim and lim
not cut
dimension diff oim and lim
not cut
dimension diff oim and lim
not cut
dimension diff oim and lim
not cut
dimension diff oim and lim
not cut
dimension diff oim and lim
not cut
dimension diff oim and lim
not cut
dimension diff oim and lim
not cut
dimension diff oim and lim
not cut
dimension diff oim and lim
not cut
dimension diff oim and lim
not cut
dimension diff oim and lim
not cut
dimension diff oim and lim
not cut
dimension diff oim and lim
not cut
dimension diff oim and lim
not cut
dimension diff oim and lim
not cut
dimension diff oim and lim
not cut
dimension diff oim and lim
not cut
dimension diff oim and lim
not cut
dimension diff oim and lim
not cut
dimension diff oim and lim
not cut
dimension diff oim and lim
not cut
dimension diff oim and lim
not cut
dimension diff oim and lim
not cut
dimension diff oim and lim
not cut
dimension diff oim and lim
not cut
dimension diff oim and lim
not cut
dimension diff oim and lim
not cut
dimension diff oim and lim
not cut
dimension diff oim and lim
not cut
dimension diff oim and lim
not cut
dimension diff oim and lim
not cut
dimension diff oim and lim
not cut
dimension diff oim and lim
not cut
dimension diff oim and lim
not cut
dimension diff oim and lim
not cut
dimension diff oim and lim
not cut
dimension diff oim and lim
not cut
dimension diff oim and lim
not cut
dimension diff oim and lim
not cut
dimension diff oim and lim
not cut
dimension diff oim and lim
not cut
dimension diff oim and lim
not cut
dimension diff oim and lim
not cut
dimension diff oim and lim
not cut
dimension diff oim and lim
not cut
dimension diff oim and lim
not cut
dimension diff oim and lim
not cut
dimension diff oim and lim
not cut
dimension diff oim and lim
not cut
dimension diff oim and lim
not cut
dimension diff oim and lim
not cut
dimension diff oim and lim
not cut
dimension diff oim and lim
not cut
dimension diff oim and lim
not cut
dimension diff oim and lim
not cut
dimension diff oim and lim
not cut
dimension diff oim and lim
not cut
dimension diff oim and lim
not cut
dimension diff oim and lim
not cut
dimension diff oim and lim
not cut
dimension diff oim and lim
not cut
dimension diff oim and lim
not cut
dimension diff oim and lim
not cut
dimension diff oim and lim
not cut
dimension diff oim and lim
not cut
dimension diff oim and lim
not cut
dimension diff oim and lim
not cut
dimension diff oim and lim
not cut
dimension diff oim and lim
not cut
dimension diff oim and lim
not cut
dimension diff oim and lim
not cut
dimension diff oim and lim
not cut
dimension diff oim and lim
not cut
dimension diff oim and lim
not cut
dimension diff oim and lim
not cut
dimension diff oim and lim
similarity in 20*20 matrix

log =

  1 至 11 列

            0            0            0            0            0            0            0            0            0            0            0
            0            0            0            0            0            0            0            0            0            0            0
            0            0            0            0            0            0            0            0            0            0            0
            0            0            0            0            0            0            0            0            0            0            0
            0            0            0            0            0            0            0            0            0            0            0
            0            0            0            0            0            0            0            0            0            0            0
            0            0            0            0            0            0            0            0            0            0            0
            0            0            0            0            0            0            0            0            0            0            0
            0            0            0            0            0            0            0            0            0            0            0
            0            0            0            0            0            0            0            0            0            0            0
            0            0            0            0            0            0            0            0            0            0            0
            0            0            0            0            0            0            0            0            0            0            0
            0            0            0            0            0            0            0            0            0            0            0
            0            0            0            0            0            0            0            0            0            0            0
            0            0            0            0            0            0            0            0            0            0            0
            0            0            0            0            0            0            0            0            0            0            0
            0            0            0            0            0            0            0            0            0            0            0
            0            0            0            0            0            0            0            0            0            0            0
            0            0            0            0            0            0            0            0            0            0            0
            0            0            0            0            0            0            0            0            0            0            0

  12 至 20 列

            0            0            0            0            0            0            0            0            0
            0            0            0            0            0            0            0            0            0
            0            0            0            0            0            0            0            0            0
            0            0            0            0            0            0            0            0            0
            0            0            0            0            0            0            0            0            0
            0            0            0            0            0            0            0            0            0
            0            0            0            0            0            0            0            0            0
            0            0            0            0            0            0            0            0            0
            0            0            0            0            0            0            0            0            0
            0            0            0            0            0            0            0            0            0
            0            0            0            0            0            0            0            0            0
        0.817            0            0            0            0            0            0            0            0
      0.80199            0            0            0            0            0            0            0            0
      0.78922            0            0            0            0            0            0            0            0
      0.77898            0            0            0            0            0            0            0            0
            0            0            0            0            0            0            0            0            0
            0            0            0            0            0            0            0            0            0
            0            0            0            0            0            0            0            0            0
            0            0            0            0            0            0            0            0            0
            0            0            0            0            0            0            0            0            0


maximum =

        0.817


left_top =

     1     1


cmd =

E:\ROI\ROI2.exe -s2 E:\capture\fr\testcase3\huajiao_dark_5.0_lossy031.png E:\capture\fr\testcase3\huajiao_dark_5.0_lossy031_fit.png 0 0 807 603


maximum =

        0.817


cmd =

E:\ROI\ROI2.exe -s2 E:\capture\fr\testcase3\huajiao_dark_5.0_origin030.png E:\capture\fr\testcase3\huajiao_dark_5.0_origin030_fit.png 3 5 807 603


A =

        0.817       0.9718      0.85638       0.8834

时间已过 2.270096 秒。
