
origin_path =

E:\capture\fr\testcase2\huajiao_natural_5.0_origin020.png


lossy_path =

E:\capture\fr\testcase2\huajiao_natural_5.0_lossy021.png


lossy_feature =

     0     0   803   612


origin_feature =

     0     0   807   601

case3

width =

   803


height =

   601

not cut
dimension diff oim and lim
not cut
dimension diff oim and lim
not cut
dimension diff oim and lim
not cut
dimension diff oim and lim
not cut
dimension diff oim and lim
not cut
dimension diff oim and lim
not cut
dimension diff oim and lim
not cut
dimension diff oim and lim
not cut
dimension diff oim and lim
not cut
dimension diff oim and lim
not cut
dimension diff oim and lim
not cut
dimension diff oim and lim
not cut
dimension diff oim and lim
not cut
dimension diff oim and lim
not cut
dimension diff oim and lim
not cut
dimension diff oim and lim
not cut
dimension diff oim and lim
not cut
dimension diff oim and lim
not cut
dimension diff oim and lim
not cut
dimension diff oim and lim
not cut
dimension diff oim and lim
not cut
dimension diff oim and lim
not cut
dimension diff oim and lim
not cut
dimension diff oim and lim
not cut
dimension diff oim and lim
not cut
dimension diff oim and lim
not cut
dimension diff oim and lim
not cut
dimension diff oim and lim
not cut
dimension diff oim and lim
not cut
dimension diff oim and lim
not cut
dimension diff oim and lim
not cut
dimension diff oim and lim
not cut
dimension diff oim and lim
not cut
dimension diff oim and lim
not cut
dimension diff oim and lim
not cut
dimension diff oim and lim
not cut
dimension diff oim and lim
not cut
dimension diff oim and lim
not cut
dimension diff oim and lim
not cut
dimension diff oim and lim
not cut
dimension diff oim and lim
not cut
dimension diff oim and lim
not cut
dimension diff oim and lim
not cut
dimension diff oim and lim
not cut
dimension diff oim and lim
not cut
dimension diff oim and lim
not cut
dimension diff oim and lim
not cut
dimension diff oim and lim
not cut
dimension diff oim and lim
not cut
dimension diff oim and lim
not cut
dimension diff oim and lim
not cut
dimension diff oim and lim
not cut
dimension diff oim and lim
not cut
dimension diff oim and lim
not cut
dimension diff oim and lim
not cut
dimension diff oim and lim
not cut
dimension diff oim and lim
not cut
dimension diff oim and lim
not cut
dimension diff oim and lim
not cut
dimension diff oim and lim
not cut
dimension diff oim and lim
not cut
dimension diff oim and lim
not cut
dimension diff oim and lim
not cut
dimension diff oim and lim
not cut
dimension diff oim and lim
not cut
dimension diff oim and lim
not cut
dimension diff oim and lim
not cut
dimension diff oim and lim
not cut
dimension diff oim and lim
not cut
dimension diff oim and lim
not cut
dimension diff oim and lim
not cut
dimension diff oim and lim
not cut
dimension diff oim and lim
not cut
dimension diff oim and lim
not cut
dimension diff oim and lim
not cut
dimension diff oim and lim
not cut
dimension diff oim and lim
not cut
dimension diff oim and lim
not cut
dimension diff oim and lim
not cut
dimension diff oim and lim
not cut
dimension diff oim and lim
not cut
dimension diff oim and lim
not cut
dimension diff oim and lim
not cut
dimension diff oim and lim
not cut
dimension diff oim and lim
not cut
dimension diff oim and lim
not cut
dimension diff oim and lim
not cut
dimension diff oim and lim
not cut
dimension diff oim and lim
not cut
dimension diff oim and lim
not cut
dimension diff oim and lim
not cut
dimension diff oim and lim
not cut
dimension diff oim and lim
not cut
dimension diff oim and lim
not cut
dimension diff oim and lim
not cut
dimension diff oim and lim
not cut
dimension diff oim and lim
not cut
dimension diff oim and lim
not cut
dimension diff oim and lim
not cut
dimension diff oim and lim
not cut
dimension diff oim and lim
not cut
dimension diff oim and lim
not cut
dimension diff oim and lim
not cut
dimension diff oim and lim
not cut
dimension diff oim and lim
not cut
dimension diff oim and lim
not cut
dimension diff oim and lim
not cut
dimension diff oim and lim
not cut
dimension diff oim and lim
not cut
dimension diff oim and lim
not cut
dimension diff oim and lim
not cut
dimension diff oim and lim
not cut
dimension diff oim and lim
not cut
dimension diff oim and lim
not cut
dimension diff oim and lim
not cut
dimension diff oim and lim
not cut
dimension diff oim and lim
not cut
dimension diff oim and lim
not cut
dimension diff oim and lim
not cut
dimension diff oim and lim
not cut
dimension diff oim and lim
not cut
dimension diff oim and lim
not cut
dimension diff oim and lim
not cut
dimension diff oim and lim
not cut
dimension diff oim and lim
not cut
dimension diff oim and lim
not cut
dimension diff oim and lim
not cut
dimension diff oim and lim
not cut
dimension diff oim and lim
not cut
dimension diff oim and lim
not cut
dimension diff oim and lim
not cut
dimension diff oim and lim
not cut
dimension diff oim and lim
not cut
dimension diff oim and lim
not cut
dimension diff oim and lim
not cut
dimension diff oim and lim
not cut
dimension diff oim and lim
not cut
dimension diff oim and lim
not cut
dimension diff oim and lim
not cut
dimension diff oim and lim
not cut
dimension diff oim and lim
not cut
dimension diff oim and lim
not cut
dimension diff oim and lim
not cut
dimension diff oim and lim
not cut
dimension diff oim and lim
not cut
dimension diff oim and lim
not cut
dimension diff oim and lim
not cut
dimension diff oim and lim
not cut
dimension diff oim and lim
not cut
dimension diff oim and lim
not cut
dimension diff oim and lim
not cut
dimension diff oim and lim
not cut
dimension diff oim and lim
not cut
dimension diff oim and lim
not cut
dimension diff oim and lim
not cut
dimension diff oim and lim
not cut
dimension diff oim and lim
not cut
dimension diff oim and lim
not cut
dimension diff oim and lim
not cut
dimension diff oim and lim
not cut
dimension diff oim and lim
not cut
dimension diff oim and lim
not cut
dimension diff oim and lim
not cut
dimension diff oim and lim
not cut
dimension diff oim and lim
not cut
dimension diff oim and lim
not cut
dimension diff oim and lim
not cut
dimension diff oim and lim
not cut
dimension diff oim and lim
not cut
dimension diff oim and lim
not cut
dimension diff oim and lim
not cut
dimension diff oim and lim
not cut
dimension diff oim and lim
not cut
dimension diff oim and lim
not cut
dimension diff oim and lim
not cut
dimension diff oim and lim
not cut
dimension diff oim and lim
not cut
dimension diff oim and lim
not cut
dimension diff oim and lim
not cut
dimension diff oim and lim
not cut
dimension diff oim and lim
not cut
dimension diff oim and lim
not cut
dimension diff oim and lim
not cut
dimension diff oim and lim
not cut
dimension diff oim and lim
not cut
dimension diff oim and lim
not cut
dimension diff oim and lim
not cut
dimension diff oim and lim
not cut
dimension diff oim and lim
not cut
dimension diff oim and lim
not cut
dimension diff oim and lim
not cut
dimension diff oim and lim
not cut
dimension diff oim and lim
not cut
dimension diff oim and lim
not cut
dimension diff oim and lim
not cut
dimension diff oim and lim
not cut
dimension diff oim and lim
not cut
dimension diff oim and lim
not cut
dimension diff oim and lim
not cut
dimension diff oim and lim
not cut
dimension diff oim and lim
not cut
dimension diff oim and lim
not cut
dimension diff oim and lim
not cut
dimension diff oim and lim
not cut
dimension diff oim and lim
not cut
dimension diff oim and lim
not cut
dimension diff oim and lim
not cut
dimension diff oim and lim
not cut
dimension diff oim and lim
not cut
dimension diff oim and lim
not cut
dimension diff oim and lim
not cut
dimension diff oim and lim
not cut
dimension diff oim and lim
not cut
dimension diff oim and lim
not cut
dimension diff oim and lim
not cut
dimension diff oim and lim
not cut
dimension diff oim and lim
not cut
dimension diff oim and lim
not cut
dimension diff oim and lim
not cut
dimension diff oim and lim
not cut
dimension diff oim and lim
not cut
dimension diff oim and lim
not cut
dimension diff oim and lim
not cut
dimension diff oim and lim
not cut
dimension diff oim and lim
not cut
dimension diff oim and lim
not cut
dimension diff oim and lim
not cut
dimension diff oim and lim
not cut
dimension diff oim and lim
not cut
dimension diff oim and lim
not cut
dimension diff oim and lim
not cut
dimension diff oim and lim
not cut
dimension diff oim and lim
not cut
dimension diff oim and lim
not cut
dimension diff oim and lim
not cut
dimension diff oim and lim
not cut
dimension diff oim and lim
not cut
dimension diff oim and lim
not cut
dimension diff oim and lim
not cut
dimension diff oim and lim
not cut
dimension diff oim and lim
not cut
dimension diff oim and lim
not cut
dimension diff oim and lim
not cut
dimension diff oim and lim
not cut
dimension diff oim and lim
not cut
dimension diff oim and lim
not cut
dimension diff oim and lim
not cut
dimension diff oim and lim
not cut
dimension diff oim and lim
not cut
dimension diff oim and lim
not cut
dimension diff oim and lim
not cut
dimension diff oim and lim
not cut
dimension diff oim and lim
not cut
dimension diff oim and lim
not cut
dimension diff oim and lim
not cut
dimension diff oim and lim
not cut
dimension diff oim and lim
not cut
dimension diff oim and lim
not cut
dimension diff oim and lim
not cut
dimension diff oim and lim
not cut
dimension diff oim and lim
not cut
dimension diff oim and lim
not cut
dimension diff oim and lim
not cut
dimension diff oim and lim
not cut
dimension diff oim and lim
not cut
dimension diff oim and lim
not cut
dimension diff oim and lim
not cut
dimension diff oim and lim
not cut
dimension diff oim and lim
not cut
dimension diff oim and lim
not cut
dimension diff oim and lim
not cut
dimension diff oim and lim
not cut
dimension diff oim and lim
not cut
dimension diff oim and lim
not cut
dimension diff oim and lim
not cut
dimension diff oim and lim
not cut
dimension diff oim and lim
not cut
dimension diff oim and lim
not cut
dimension diff oim and lim
not cut
dimension diff oim and lim
not cut
dimension diff oim and lim
not cut
dimension diff oim and lim
not cut
dimension diff oim and lim
not cut
dimension diff oim and lim
not cut
dimension diff oim and lim
not cut
dimension diff oim and lim
not cut
dimension diff oim and lim
not cut
dimension diff oim and lim
not cut
dimension diff oim and lim
not cut
dimension diff oim and lim
not cut
dimension diff oim and lim
not cut
dimension diff oim and lim
not cut
dimension diff oim and lim
not cut
dimension diff oim and lim
not cut
dimension diff oim and lim
not cut
dimension diff oim and lim
not cut
dimension diff oim and lim
not cut
dimension diff oim and lim
not cut
dimension diff oim and lim
not cut
dimension diff oim and lim
not cut
dimension diff oim and lim
not cut
dimension diff oim and lim
not cut
dimension diff oim and lim
not cut
dimension diff oim and lim
not cut
dimension diff oim and lim
not cut
dimension diff oim and lim
not cut
dimension diff oim and lim
not cut
dimension diff oim and lim
not cut
dimension diff oim and lim
not cut
dimension diff oim and lim
not cut
dimension diff oim and lim
not cut
dimension diff oim and lim
not cut
dimension diff oim and lim
not cut
dimension diff oim and lim
not cut
dimension diff oim and lim
not cut
dimension diff oim and lim
not cut
dimension diff oim and lim
not cut
dimension diff oim and lim
not cut
dimension diff oim and lim
not cut
dimension diff oim and lim
not cut
dimension diff oim and lim
not cut
dimension diff oim and lim
not cut
dimension diff oim and lim
not cut
dimension diff oim and lim
not cut
dimension diff oim and lim
not cut
dimension diff oim and lim
not cut
dimension diff oim and lim
not cut
dimension diff oim and lim
not cut
dimension diff oim and lim
not cut
dimension diff oim and lim
not cut
dimension diff oim and lim
not cut
dimension diff oim and lim
not cut
dimension diff oim and lim
not cut
dimension diff oim and lim
not cut
dimension diff oim and lim
not cut
dimension diff oim and lim
not cut
dimension diff oim and lim
not cut
dimension diff oim and lim
not cut
dimension diff oim and lim
not cut
dimension diff oim and lim
not cut
dimension diff oim and lim
not cut
dimension diff oim and lim
not cut
dimension diff oim and lim
not cut
dimension diff oim and lim
not cut
dimension diff oim and lim
not cut
dimension diff oim and lim
not cut
dimension diff oim and lim
not cut
dimension diff oim and lim
not cut
dimension diff oim and lim
not cut
dimension diff oim and lim
not cut
dimension diff oim and lim
not cut
dimension diff oim and lim
not cut
dimension diff oim and lim
not cut
dimension diff oim and lim
not cut
dimension diff oim and lim
not cut
dimension diff oim and lim
not cut
dimension diff oim and lim
not cut
dimension diff oim and lim
not cut
dimension diff oim and lim
not cut
dimension diff oim and lim
not cut
dimension diff oim and lim
not cut
dimension diff oim and lim
not cut
dimension diff oim and lim
not cut
dimension diff oim and lim
not cut
dimension diff oim and lim
not cut
dimension diff oim and lim
not cut
dimension diff oim and lim
not cut
dimension diff oim and lim
not cut
dimension diff oim and lim
not cut
dimension diff oim and lim
not cut
dimension diff oim and lim
not cut
dimension diff oim and lim
not cut
dimension diff oim and lim
not cut
dimension diff oim and lim
not cut
dimension diff oim and lim
not cut
dimension diff oim and lim
not cut
dimension diff oim and lim
not cut
dimension diff oim and lim
not cut
dimension diff oim and lim
not cut
dimension diff oim and lim
not cut
dimension diff oim and lim
not cut
dimension diff oim and lim
not cut
dimension diff oim and lim
not cut
dimension diff oim and lim
not cut
dimension diff oim and lim
not cut
dimension diff oim and lim
not cut
dimension diff oim and lim
not cut
dimension diff oim and lim
not cut
dimension diff oim and lim
not cut
dimension diff oim and lim
not cut
dimension diff oim and lim
not cut
dimension diff oim and lim
not cut
dimension diff oim and lim
not cut
dimension diff oim and lim
not cut
dimension diff oim and lim
not cut
dimension diff oim and lim
not cut
dimension diff oim and lim
not cut
dimension diff oim and lim
not cut
dimension diff oim and lim
not cut
dimension diff oim and lim
not cut
dimension diff oim and lim
not cut
dimension diff oim and lim
not cut
dimension diff oim and lim
not cut
dimension diff oim and lim
not cut
dimension diff oim and lim
not cut
dimension diff oim and lim
not cut
dimension diff oim and lim
not cut
dimension diff oim and lim
not cut
dimension diff oim and lim
not cut
dimension diff oim and lim
not cut
dimension diff oim and lim
not cut
dimension diff oim and lim
not cut
dimension diff oim and lim
not cut
dimension diff oim and lim
not cut
dimension diff oim and lim
not cut
dimension diff oim and lim
not cut
dimension diff oim and lim
not cut
dimension diff oim and lim
not cut
dimension diff oim and lim
not cut
dimension diff oim and lim
not cut
dimension diff oim and lim
similarity in 20*20 matrix

log =

  1 至 11 列

            0            0            0            0            0            0            0            0            0            0            0
            0            0            0            0            0            0            0            0            0            0            0
            0            0            0            0            0            0            0            0            0            0            0
            0            0            0            0            0            0            0            0            0            0            0
            0            0            0            0            0            0            0            0            0            0            0
            0            0            0            0            0            0            0            0            0            0            0
            0            0            0            0            0            0            0            0            0            0            0
            0            0            0            0            0            0            0            0            0            0            0
            0            0            0            0            0            0            0            0            0            0            0
            0            0            0            0            0            0            0            0            0            0            0
            0            0            0            0            0            0            0            0            0            0            0
            0            0            0            0            0            0            0            0            0            0            0
            0            0            0            0            0            0            0            0            0            0            0
            0            0            0            0            0            0            0            0            0            0            0
            0            0            0            0            0            0            0            0            0            0            0
            0            0            0            0            0            0            0            0            0            0            0
            0            0            0            0            0            0            0            0            0            0            0
            0            0            0            0            0            0            0            0            0            0            0
            0            0            0            0            0            0            0            0            0            0            0
            0            0            0            0            0            0            0            0            0            0            0

  12 至 21 列

            0            0            0            0            0            0            0            0            0            0
            0            0            0            0            0            0            0            0            0            0
            0            0            0            0            0            0            0            0            0            0
            0            0            0            0            0            0            0            0            0            0
            0            0            0            0            0            0            0            0            0            0
            0            0            0            0            0            0            0            0            0            0
            0            0            0            0            0            0            0            0            0            0
            0            0            0            0            0            0            0            0            0            0
            0            0            0            0            0            0            0            0            0            0
            0            0            0            0            0            0            0            0            0            0
            0            0            0            0            0            0            0            0            0            0
       0.7664       0.7742      0.78187        0.788      0.79315      0.79559      0.79589      0.79271      0.78754      0.77979
      0.75611      0.76406      0.77136      0.77757      0.78222      0.78472      0.78471      0.78205      0.77714      0.77035
            0            0            0            0            0            0            0            0            0            0
            0            0            0            0            0            0            0            0            0            0
            0            0            0            0            0            0            0            0            0            0
            0            0            0            0            0            0            0            0            0            0
            0            0            0            0            0            0            0            0            0            0
            0            0            0            0            0            0            0            0            0            0
            0            0            0            0            0            0            0            0            0            0


maximum =

      0.79589


left_top =

     1     7


cmd =

E:\ROI\ROI2.exe -s2 E:\capture\fr\testcase2\huajiao_natural_5.0_lossy021.png E:\capture\fr\testcase2\huajiao_natural_5.0_lossy021_fit.png 0 6 803 601


maximum =

      0.79589


cmd =

E:\ROI\ROI2.exe -s2 E:\capture\fr\testcase2\huajiao_natural_5.0_origin020.png E:\capture\fr\testcase2\huajiao_natural_5.0_origin020_fit.png 0 0 803 601


A =

      0.79589      0.96222      0.82296      0.85106

时间已过 3.594051 秒。
