
origin_path =

E:\capture\fr\testcase34\yy_lighter_5.0_origin340.png


lossy_path =

E:\capture\fr\testcase34\yy_lighter_5.0_lossy341.png


lossy_feature =

     2     3   785   589


origin_feature =

     0     5   766   577

case2

ans =

    13    10   766   577


cmd =

E:\ROI\ROI2.exe -s2 E:\capture\fr\testcase34\yy_lighter_5.0_lossy341_new.png E:\capture\fr\testcase34\yy_lighter_5.0_lossy341_fit.png 13 10 766 577


log =

  1 至 11 列

      0.66214      0.66744      0.67136      0.67402      0.67576      0.67696      0.67792      0.67888      0.67986      0.68067      0.68077
      0.66615       0.6719      0.67634       0.6795      0.68162      0.68315      0.68444      0.68582      0.68727      0.68848      0.68881
      0.67129      0.67739      0.68224      0.68584      0.68839      0.69031      0.69202      0.69389      0.69588      0.69756      0.69818
      0.67761      0.68399      0.68917      0.69314       0.6961      0.69846      0.70066      0.70308      0.70564       0.7078      0.70866
      0.68433      0.69101      0.69654      0.70091      0.70432       0.7072      0.70998      0.71303      0.71618      0.71881      0.71984
      0.69046      0.69756      0.70362      0.70855      0.71255      0.71605      0.71949      0.72321      0.72695      0.72997      0.73104
      0.69501      0.70273      0.70956      0.71533      0.72017      0.72445      0.72861      0.73296       0.7372      0.74049      0.74148
      0.69788       0.7064      0.71427      0.72117      0.72707      0.73224      0.73707      0.74188      0.74638      0.74974      0.75052
      0.70009      0.70955      0.71862      0.72682      0.73391      0.73996      0.74529      0.75025      0.75469      0.75787      0.75839
      0.70328      0.71371      0.72401       0.7335      0.74168      0.74839       0.7539      0.75866       0.7627      0.76551      0.76583
       0.7085      0.71984      0.73123      0.74176      0.75068      0.75767      0.76297      0.76717      0.77057      0.77295      0.77322
      0.71632      0.72831       0.7404      0.75149      0.76063      0.76741      0.77212      0.77553       0.7782       0.7802       0.7806
       0.7256      0.73784      0.75006      0.76109      0.76983      0.77591      0.77974      0.78225      0.78424      0.78596      0.78661
      0.73408      0.74601      0.75772      0.76799      0.77574       0.7807      0.78347      0.78513      0.78659      0.78818      0.78917
      0.73946       0.7506      0.76127      0.77029      0.77665      0.78029      0.78199      0.78296      0.78411      0.78576      0.78712
      0.74053       0.7506      0.75997      0.76755      0.77248       0.7749      0.77575      0.77628      0.77739      0.77927      0.78105
      0.73768      0.74664      0.75476      0.76108      0.76487      0.76643      0.76679      0.76722      0.76852      0.77072      0.77291
      0.73191      0.73992      0.74704      0.75245      0.75551      0.75662      0.75683      0.75736      0.75894      0.76145      0.76393
      0.72461      0.73188       0.7383      0.74316      0.74586      0.74681      0.74703      0.74771      0.74946      0.75209      0.75466

  12 列

      0.67954
      0.68762
      0.69701
      0.70743
      0.71838
       0.7292
      0.73913
      0.74765
      0.75512
      0.76246
      0.77016
      0.77816
      0.78494
      0.78827
      0.78693
      0.78149
      0.77386
      0.76526
      0.75618


maximum =

      0.78917


left_top =

    14    11


h = 

  <a href="matlab:helpPopup matlab.ui.Figure" style="font-weight:bold">Figure</a> (13) (具有属性):

      Number: 13
        Name: ''
       Color: [0.94 0.94 0.94]
    Position: [680 558 560 420]
       Units: 'pixels'

  显示 <a href="matlab:if exist('h', 'var'), matlab.graphics.internal.getForDisplay('h', h, 'matlab.ui.Figure'), else, matlab.graphics.internal.getForDisplay('h'), end">所有属性</a>


maximum =

      0.78917


A =

      0.78917      0.97015      0.85912      0.90524

时间已过 17.820276 秒。
