
origin_path =

E:\capture\fr\testcase35\yy_natural_5.0_origin350.png


lossy_path =

E:\capture\fr\testcase35\yy_natural_5.0_lossy351.png


lossy_feature =

     2     0   793   585


origin_feature =

     0     3   768   573

case2

ans =

    13     9   768   573


cmd =

E:\ROI\ROI2.exe -s2 E:\capture\fr\testcase35\yy_natural_5.0_lossy351_new.png E:\capture\fr\testcase35\yy_natural_5.0_lossy351_fit.png 13 9 768 573


log =

  1 至 11 列

      0.72268       0.7279      0.73269      0.73693      0.74057      0.74374      0.74647      0.74859       0.7497      0.74953      0.74783
       0.7303      0.73591      0.74112      0.74582      0.74995      0.75362      0.75686      0.75947      0.76101      0.76115      0.75957
      0.73863      0.74468      0.75036      0.75557      0.76024      0.76445       0.7682      0.77128      0.77322      0.77362      0.77205
      0.74659      0.75316       0.7594      0.76517       0.7704      0.77514      0.77935      0.78281      0.78503      0.78553      0.78383
      0.75327      0.76046      0.76735      0.77376      0.77957       0.7848      0.78938       0.7931      0.79544      0.79588       0.7939
       0.7583      0.76622      0.77388      0.78103      0.78747      0.79317      0.79803      0.80188      0.80422      0.80453      0.80222
      0.76186      0.77062      0.77915      0.78712      0.79422      0.80036      0.80544      0.80932      0.81162      0.81181      0.80928
      0.76509      0.77471      0.78416      0.79296       0.8007      0.80722      0.81242      0.81626      0.81848      0.81864       0.8161
      0.76916      0.77957      0.78981       0.7993      0.80752      0.81426      0.81945      0.82317      0.82533      0.82557      0.82326
      0.77536      0.78631      0.79707      0.80695      0.81537       0.8221      0.82711      0.83063      0.83272      0.83314      0.83122
      0.78366       0.7948      0.80566      0.81554      0.82382      0.83029      0.83498      0.83825      0.84029      0.84094      0.83952
      0.79314      0.80407      0.81461      0.82406      0.83186      0.83784      0.84213      0.84515      0.84718      0.84807      0.84714
      0.80192      0.81228       0.8221      0.83078      0.83786      0.84325      0.84714      0.85001       0.8521      0.85324      0.85274
      0.80732      0.81682      0.82568      0.83338      0.83961       0.8444      0.84799      0.85084      0.85307       0.8545       0.8544
      0.80778      0.81633      0.82414      0.83082      0.83623      0.84051      0.84393      0.84686      0.84935      0.85111       0.8514
      0.80395       0.8116      0.81845      0.82422      0.82892      0.83278      0.83611      0.83921      0.84197       0.8441      0.84479
      0.79728       0.8042      0.81029      0.81535       0.8195      0.82304      0.82631      0.82953      0.83253      0.83493      0.83595
      0.78911      0.79549      0.80105      0.80559      0.80933      0.81261      0.81578        0.819      0.82205      0.82457      0.82579
      0.77983      0.78584      0.79104      0.79524      0.79869      0.80174       0.8047      0.80775      0.81064      0.81306      0.81428
      0.76969      0.77545      0.78042      0.78442      0.78766      0.79047      0.79315      0.79587      0.79839      0.80049      0.80155
      0.75902       0.7646      0.76945      0.77335      0.77647       0.7791      0.78149      0.78381      0.78587      0.78753       0.7883
      0.74853      0.75402      0.75886      0.76278      0.76589      0.76843       0.7706      0.77256      0.77415      0.77532      0.77575
      0.73864      0.74413      0.74906       0.7531      0.75631      0.75887      0.76093      0.76263      0.76383      0.76457      0.76464
      0.72974      0.73529      0.74036       0.7446      0.74798      0.75064      0.75267       0.7542      0.75511      0.75548      0.75526
      0.72197      0.72759      0.73279       0.7372      0.74075      0.74351      0.74556      0.74699      0.74768      0.74777      0.74733

  12 列

      0.74454
      0.75616
       0.7684
      0.77977
      0.78928
      0.79703
      0.80371
      0.81044
      0.81784
      0.82632
      0.83529
      0.84359
      0.84977
      0.85194
      0.84943
      0.84328
      0.83484
      0.82498
      0.81367
      0.80102
      0.78774
      0.77507
      0.76383
       0.7543
      0.74626


maximum =

       0.8545


left_top =

    14    10


h = 

  <a href="matlab:helpPopup matlab.ui.Figure" style="font-weight:bold">Figure</a> (14) (具有属性):

      Number: 14
        Name: ''
       Color: [0.94 0.94 0.94]
    Position: [680 558 560 420]
       Units: 'pixels'

  显示 <a href="matlab:if exist('h', 'var'), matlab.graphics.internal.getForDisplay('h', h, 'matlab.ui.Figure'), else, matlab.graphics.internal.getForDisplay('h'), end">所有属性</a>


maximum =

       0.8545


A =

       0.8545      0.97737        0.863      0.91283

时间已过 22.766943 秒。
